<?xml version="1.0" encoding="UTF-8"?>
<testsuite xmlns:xsi="http://www.w3.org/2001/XMLSchema-instance" xsi:schemaLocation="https://maven.apache.org/surefire/maven-surefire-plugin/xsd/surefire-test-report.xsd" name="TestSuite" time="4.1" tests="3" errors="0" skipped="0" failures="0">
  <properties>
[...]
</properties>
  <testcase name="getAPITest" classname="com.qa.tests.GetAPITest" time="1.535"/>
  <testcase name="getAPITestWithHeader" classname="com.qa.tests.GetAPITest" time="0.672"/>
  <testcase name="postApi" classname="com.qa.tests.postApiTest" time="1.045"/>
</testsuite>