<?xml version="1.0" encoding="UTF-8"?>
<!-- Generated by org.testng.reporters.JUnitXMLReporter -->
<testsuite hostname="BLRL42504" ignored="0" name="Test" tests="3" failures="0" timestamp="14 Dec 2018 17:41:21 GMT" time="3.682" errors="0">
  <testcase name="getAPITest" time="1.714" classname="com.qa.tests.GetAPITest"/>
  <testcase name="getAPITestWithHeader" time="0.941" classname="com.qa.tests.GetAPITest"/>
  <testcase name="postApi" time="0.996" classname="com.qa.tests.postApiTest"/>
</testsuite> <!-- Test -->
