<?xml version="1.0" encoding="UTF-8"?>
<!-- Generated by org.testng.reporters.JUnitXMLReporter -->
<testsuite hostname="BLRL42504" ignored="0" name="Testin Rest API" tests="3" failures="0" timestamp="14 Dec 2018 18:18:21 GMT" time="3.303" errors="0">
  <testcase name="getAPITest" time="1.53" classname="com.qa.tests.GetAPITest"/>
  <testcase name="getAPITestWithHeader" time="0.682" classname="com.qa.tests.GetAPITest"/>
  <testcase name="postApi" time="1.045" classname="com.qa.tests.postApiTest"/>
</testsuite> <!-- Testin Rest API -->
